[2025-06-02 08:48:41,635] INFO in main: Log Monitoring API starting...
[2025-06-02 08:48:41,684] INFO in main: Routers registered
[2025-06-02 08:48:41,711] INFO in main: Starting log simulator...
[2025-06-02 09:19:09,233] INFO in main: Log Monitoring API starting...
[2025-06-02 09:19:09,413] INFO in main: Prometheus metrics instrumentation added.
[2025-06-02 09:19:09,461] INFO in main: Routers registered
[2025-06-02 09:19:09,748] INFO in main: Starting log simulator...
[2025-06-02 09:37:48,565] INFO in main: Log Monitoring API starting...
[2025-06-02 09:37:48,576] INFO in main: Prometheus metrics instrumentation added.
[2025-06-02 09:37:48,593] INFO in main: Routers registered
[2025-06-02 09:37:48,603] INFO in main: Starting log simulator...
[2025-06-02 09:47:09,076] INFO in main: Root endpoint accessed
[2025-06-02 10:09:11,689] INFO in main: Log Monitoring API starting...
[2025-06-02 10:09:11,737] INFO in main: Prometheus metrics instrumentation added.
[2025-06-02 10:09:11,745] INFO in main: Routers registered
[2025-06-02 10:09:11,750] INFO in main: Starting log simulator...
[2025-06-02 13:11:37,740] INFO in main: Log Monitoring API starting...
[2025-06-02 13:11:37,750] INFO in main: Prometheus metrics instrumentation added.
[2025-06-02 13:11:37,769] INFO in main: Routers registered
[2025-06-02 13:11:37,781] INFO in main: Starting log simulator...
[2025-06-02 13:22:14,025] INFO in main: Log Monitoring API starting...
[2025-06-02 13:22:14,037] INFO in main: Prometheus metrics instrumentation added.
[2025-06-02 13:22:14,051] INFO in main: Routers registered
[2025-06-02 13:22:14,058] INFO in main: Starting log simulator...
[2025-06-02 13:26:55,885] INFO in main: Root endpoint accessed
[2025-06-02 15:37:04,770] INFO in main: Log Monitoring API starting...
[2025-06-02 15:37:04,811] INFO in main: Prometheus metrics instrumentation added.
[2025-06-02 15:37:04,817] INFO in main: Routers registered
[2025-06-02 15:37:04,820] INFO in main: Starting log simulator...
[2025-06-03 05:51:00,244] INFO in main: Log Monitoring API starting...
[2025-06-03 05:51:00,253] INFO in main: Prometheus metrics instrumentation added.
[2025-06-03 05:51:00,260] INFO in main: Routers registered
[2025-06-03 05:51:00,273] INFO in main: Starting log simulator...
[2025-06-03 06:00:53,851] INFO in main: Root endpoint accessed
[2025-06-03 09:10:02,887] INFO in main: Log Monitoring API starting...
[2025-06-03 09:10:02,895] INFO in main: Prometheus metrics instrumentation added.
[2025-06-03 09:10:02,912] INFO in main: Routers registered
[2025-06-03 09:10:02,920] INFO in main: Starting log simulator...
[2025-06-03 10:50:57,766] INFO in main: Log Monitoring API starting...
[2025-06-03 10:50:57,810] INFO in main: Prometheus metrics instrumentation added.
[2025-06-03 10:50:57,817] INFO in main: Routers registered
[2025-06-03 10:50:57,821] INFO in main: Starting log simulator...
[2025-06-03 11:09:25,725] INFO in main: Log Monitoring API starting...
[2025-06-03 11:09:25,790] INFO in main: Prometheus metrics instrumentation added.
[2025-06-03 11:09:25,797] INFO in main: Routers registered
[2025-06-03 11:09:25,802] INFO in main: Starting log simulator...
[2025-06-03 12:03:55,679] INFO in main: Log Monitoring API starting...
[2025-06-03 12:03:55,702] INFO in main: Prometheus metrics instrumentation added.
[2025-06-03 12:03:55,719] INFO in main: Routers registered
[2025-06-03 12:03:55,725] INFO in main: Starting log simulator...
